Build started 14/10/2017 20:58:36.
     1>Project "C:\Users\Zuzu\Desktop\זהר\אפקה\שנה ג\סמסטר קיץ\C++\פרוייקט\RestaurantImpl\Restaurant\Restaurant\Restaurant.vcxproj" on node 2 (Build target(s)).
     1>ClCompile:
         C:\Program Files (x86)\Microsoft Visual Studio 11.0\VC\bin\CL.exe /c /ZI /nologo /W3 /WX- /Od /Oy- /D _MBCS /Gm /EHsc /RTC1 /MDd /GS /fp:precise /Zc:wchar_t /Zc:forScope /Fo"Debug\\" /Fd"Debug\vc110.pdb" /Gd /TP /analyze- /errorReport:prompt Main.cpp
         Main.cpp
       Link:
         C:\Program Files (x86)\Microsoft Visual Studio 11.0\VC\bin\link.exe /ERRORREPORT:PROMPT /OUT:"C:\Users\Zuzu\Desktop\זהר\אפקה\שנה ג\סמסטר קיץ\C++\פרוייקט\RestaurantImpl\Restaurant\Debug\Restaurant.exe" /INCREMENTAL /NOLOGO kernel32.lib user32.lib gdi32.lib winspool.lib comdlg32.lib advapi32.lib shell32.lib ole32.lib oleaut32.lib uuid.lib odbc32.lib odbccp32.lib /MANIFEST /MANIFESTUAC:"level='asInvoker' uiAccess='false'" /manifest:embed /DEBUG /PDB:"C:\Users\Zuzu\Desktop\זהר\אפקה\שנה ג\סמסטר קיץ\C++\פרוייקט\RestaurantImpl\Restaurant\Debug\Restaurant.pdb" /TLBID:1 /DYNAMICBASE /NXCOMPAT /IMPLIB:"C:\Users\Zuzu\Desktop\זהר\אפקה\שנה ג\סמסטר קיץ\C++\פרוייקט\RestaurantImpl\Restaurant\Debug\Restaurant.lib" /MACHINE:X86 Debug\Main.obj
     1>Main.obj : error LNK2019: unresolved external symbol "public: __thiscall Buthcery::Buthcery(char const *,int,long,int)" (??0Buthcery@@QAE@PBDHJH@Z) referenced in function "int __cdecl initEmployees(class Employee * * &)" (?initEmployees@@YAHAAPAPAVEmployee@@@Z)
     1>Main.obj : error LNK2019: unresolved external symbol "public: virtual __thiscall Buthcery::~Buthcery(void)" (??1Buthcery@@UAE@XZ) referenced in function "public: virtual __thiscall Chef::~Chef(void)" (??1Chef@@UAE@XZ)
     1>Main.obj : error LNK2019: unresolved external symbol "public: virtual __thiscall StaffManager::~StaffManager(void)" (??1StaffManager@@UAE@XZ) referenced in function "public: virtual __thiscall Chef::~Chef(void)" (??1Chef@@UAE@XZ)
     1>Main.obj : error LNK2019: unresolved external symbol "public: class Employee & __thiscall StaffManager::getEmployeeByEmployeeId(long)" (?getEmployeeByEmployeeId@StaffManager@@QAEAAVEmployee@@J@Z) referenced in function _main
     1>Main.obj : error LNK2019: unresolved external symbol "public: void __thiscall StaffManager::employ(class Employee const *)" (?employ@StaffManager@@QAEXPBVEmployee@@@Z) referenced in function "void __cdecl hireEmployees(class Chef &,class Employee * * &,int)" (?hireEmployees@@YAXAAVChef@@AAPAPAVEmployee@@H@Z)
     1>Main.obj : error LNK2019: unresolved external symbol "public: __thiscall Ingredient::Ingredient(char const *,int,double)" (??0Ingredient@@QAE@PBDHN@Z) referenced in function "int __cdecl initIngredients(class Ingredient * * &)" (?initIngredients@@YAHAAPAPAVIngredient@@@Z)
     1>Main.obj : error LNK2019: unresolved external symbol "public: __thiscall Dish::Dish(int,char const *,char const *,enum Dish::eDishType)" (??0Dish@@QAE@HPBD0W4eDishType@0@@Z) referenced in function "int __cdecl initDishes(class Dish * * &,class Ingredient * * &)" (?initDishes@@YAHAAPAPAVDish@@AAPAPAVIngredient@@@Z)
     1>Main.obj : error LNK2019: unresolved external symbol "public: void __thiscall Dish::addIngredients(struct sIngredientAndQuantity const *,int)" (?addIngredients@Dish@@QAEXPBUsIngredientAndQuantity@@H@Z) referenced in function "int __cdecl initDishes(class Dish * * &,class Ingredient * * &)" (?initDishes@@YAHAAPAPAVDish@@AAPAPAVIngredient@@@Z)
     1>Main.obj : error LNK2019: unresolved external symbol "public: __thiscall Chef::Chef(char const *,int,long,int)" (??0Chef@@QAE@PBDHJH@Z) referenced in function _main
     1>Main.obj : error LNK2019: unresolved external symbol "public: class Dish const & __thiscall Chef::inventNewDish(void)const " (?inventNewDish@Chef@@QBEABVDish@@XZ) referenced in function _main
     1>Main.obj : error LNK2019: unresolved external symbol "public: __thiscall Menu::Menu(void)" (??0Menu@@QAE@XZ) referenced in function _main
     1>Main.obj : error LNK2019: unresolved external symbol "public: __thiscall Menu::~Menu(void)" (??1Menu@@QAE@XZ) referenced in function __catch$_main$0
     1>Main.obj : error LNK2019: unresolved external symbol "public: class Dish const * & __thiscall Menu::getDishByName(char const *)" (?getDishByName@Menu@@QAEAAPBVDish@@PBD@Z) referenced in function "void __cdecl setOrder(class Order &,class Menu &)" (?setOrder@@YAXAAVOrder@@AAVMenu@@@Z)
     1>Main.obj : error LNK2019: unresolved external symbol "public: void __thiscall Menu::addDish(class Dish const *)" (?addDish@Menu@@QAEXPBVDish@@@Z) referenced in function "void __cdecl initMenu(class Menu &,class Dish * * &,int)" (?initMenu@@YAXAAVMenu@@AAPAPAVDish@@H@Z)
     1>Main.obj : error LNK2019: unresolved external symbol "public: void __thiscall Menu::print(void)const " (?print@Menu@@QBEXXZ) referenced in function "public: void __thiscall Restaurant::showMenu(void)" (?showMenu@Restaurant@@QAEXXZ)
     1>Main.obj : error LNK2019: unresolved external symbol "public: __thiscall Stock::Stock(void)" (??0Stock@@QAE@XZ) referenced in function _main
     1>Main.obj : error LNK2019: unresolved external symbol "public: class Stock const & __thiscall Stock::operator++(int)" (??EStock@@QAEABV0@H@Z) referenced in function _main
     1>Main.obj : error LNK2019: unresolved external symbol "public: void __thiscall Stock::addIngredient(class Ingredient const *)" (?addIngredient@Stock@@QAEXPBVIngredient@@@Z) referenced in function "void __cdecl initStock(class Stock &,class Ingredient * * &,int)" (?initStock@@YAXAAVStock@@AAPAPAVIngredient@@H@Z)
     1>Main.obj : error LNK2019: unresolved external symbol "public: void __thiscall Stock::print(void)const " (?print@Stock@@QBEXXZ) referenced in function "public: void __thiscall Restaurant::stocktaking(void)const " (?stocktaking@Restaurant@@QBEXXZ)
     1>Main.obj : error LNK2019: unresolved external symbol "public: void __thiscall Order::addDish(class Dish const *)" (?addDish@Order@@QAEXPBVDish@@@Z) referenced in function "public: class Order const & __thiscall Order::operator+=(class Dish const *)" (??YOrder@@QAEABV0@PBVDish@@@Z)
     1>Main.obj : error LNK2019: unresolved external symbol "public: __thiscall Waiter::Waiter(char const *,int,long,int)" (??0Waiter@@QAE@PBDHJH@Z) referenced in function "int __cdecl initEmployees(class Employee * * &)" (?initEmployees@@YAHAAPAPAVEmployee@@@Z)
     1>Main.obj : error LNK2019: unresolved external symbol "public: __thiscall Restaurant::Restaurant(char const *,class Chef const &,class Menu const &,class Stock const &)" (??0Restaurant@@QAE@PBDABVChef@@ABVMenu@@ABVStock@@@Z) referenced in function _main
     1>Main.obj : error LNK2019: unresolved external symbol "public: __thiscall Restaurant::~Restaurant(void)" (??1Restaurant@@QAE@XZ) referenced in function _main
     1>Main.obj : error LNK2019: unresolved external symbol "public: class Order & __thiscall Restaurant::seatCustomers(int)" (?seatCustomers@Restaurant@@QAEAAVOrder@@H@Z) referenced in function _main
     1>Main.obj : error LNK2019: unresolved external symbol "public: void __thiscall Restaurant::takeOrder(class Order const &,class Waiter const &)" (?takeOrder@Restaurant@@QAEXABVOrder@@ABVWaiter@@@Z) referenced in function _main
     1>Main.obj : error LNK2019: unresolved external symbol "public: void __thiscall Restaurant::addDishToMenu(class Dish const *)" (?addDishToMenu@Restaurant@@QAEXPBVDish@@@Z) referenced in function _main
     1>Main.obj : error LNK2019: unresolved external symbol "public: void __thiscall Restaurant::prepareOrder(class Order const &,class Buthcery const &)const " (?prepareOrder@Restaurant@@QBEXABVOrder@@ABVButhcery@@@Z) referenced in function _main
     1>Main.obj : error LNK2019: unresolved external symbol "public: void __thiscall Restaurant::fillStock(struct sIngredientAndQuantity const *,int)" (?fillStock@Restaurant@@QAEXPBUsIngredientAndQuantity@@H@Z) referenced in function _main
     1>Main.obj : error LNK2019: unresolved external symbol "public: void __thiscall Restaurant::printOrderToTable(class Table const &,class Waiter const &)const " (?printOrderToTable@Restaurant@@QBEXABVTable@@ABVWaiter@@@Z) referenced in function _main
     1>C:\Users\Zuzu\Desktop\זהר\אפקה\שנה ג\סמסטר קיץ\C++\פרוייקט\RestaurantImpl\Restaurant\Debug\Restaurant.exe : fatal error LNK1120: 29 unresolved externals
     1>Done Building Project "C:\Users\Zuzu\Desktop\זהר\אפקה\שנה ג\סמסטר קיץ\C++\פרוייקט\RestaurantImpl\Restaurant\Restaurant\Restaurant.vcxproj" (Build target(s)) -- FAILED.

Build FAILED.

Time Elapsed 00:00:00.77
